2020-08-10 11:46:06,864 - train_validation_process.train_validation - INFO - ==========================Training  Started==========================
2020-08-10 11:46:07,521 - data_processing_functions - INFO - ---Shape Before deleting unnammed column---
2020-08-10 11:46:07,642 - data_processing_functions - INFO - (569, 32)
2020-08-10 11:46:07,869 - data_processing_functions - INFO - ---Shape After deleting unnammed column---
2020-08-10 11:46:07,870 - data_processing_functions - INFO - (569, 32)
2020-08-10 11:46:07,870 - data_processing_functions - INFO - ----------matchColumnsDetailsWithSchema Starts----------
2020-08-10 11:46:07,928 - data_processing_functions - INFO - Number of columns are identical with equal columns in the dataset and schema.
2020-08-10 11:46:07,929 - data_processing_functions - INFO - ----------removeNullValues Starts----------
2020-08-10 11:46:07,929 - data_processing_functions - INFO - (569, 32)
2020-08-10 11:46:07,930 - data_processing_functions - INFO - Null Values Count Before :
2020-08-10 11:46:07,939 - data_processing_functions - INFO - id                         0
diagnosis                  0
radius_mean                0
texture_mean               0
perimeter_mean             0
area_mean                  0
smoothness_mean            0
compactness_mean           0
concavity_mean             0
concave points_mean        0
symmetry_mean              0
fractal_dimension_mean     0
radius_se                  0
texture_se                 0
perimeter_se               0
area_se                    0
smoothness_se              0
compactness_se             0
concavity_se               0
concave points_se          0
symmetry_se                0
fractal_dimension_se       0
radius_worst               0
texture_worst              0
perimeter_worst            0
area_worst                 0
smoothness_worst           0
compactness_worst          0
concavity_worst            0
concave points_worst       0
symmetry_worst             0
fractal_dimension_worst    0
dtype: int64
2020-08-10 11:46:07,946 - data_processing_functions - INFO - Null Values Count After :
2020-08-10 11:46:07,954 - data_processing_functions - INFO - id                         0
diagnosis                  0
radius_mean                0
texture_mean               0
perimeter_mean             0
area_mean                  0
smoothness_mean            0
compactness_mean           0
concavity_mean             0
concave points_mean        0
symmetry_mean              0
fractal_dimension_mean     0
radius_se                  0
texture_se                 0
perimeter_se               0
area_se                    0
smoothness_se              0
compactness_se             0
concavity_se               0
concave points_se          0
symmetry_se                0
fractal_dimension_se       0
radius_worst               0
texture_worst              0
perimeter_worst            0
area_worst                 0
smoothness_worst           0
compactness_worst          0
concavity_worst            0
concave points_worst       0
symmetry_worst             0
fractal_dimension_worst    0
dtype: int64
2020-08-10 11:46:07,955 - data_processing_functions - INFO - ----------convertToDummies Starts----------
2020-08-10 11:46:07,956 - data_processing_functions - INFO - Before Converting to Dummies
2020-08-10 11:46:08,060 - data_processing_functions - INFO - 0    M
1    M
2    M
3    M
4    M
Name: diagnosis, dtype: object
2020-08-10 11:46:08,191 - data_processing_functions - INFO - After Converting to Dummies
2020-08-10 11:46:08,274 - data_processing_functions - INFO - 0    1
1    1
2    1
3    1
4    1
Name: diagnosis, dtype: int64
2020-08-10 11:46:08,312 - data_processing_functions - INFO - ----------createFinalDataForTrainingModels Starts----------
2020-08-10 11:46:08,517 - data_processing_functions - INFO - ----------storeFinalCsvToDatabase Starts----------
2020-08-10 11:46:11,857 - data_processing_functions - INFO - ----------selectModel Starts----------
2020-08-10 11:46:12,120 - data_processing_functions - INFO -               precision    recall  f1-score   support

           0       0.93      1.00      0.96        66
           1       1.00      0.90      0.95        48

    accuracy                           0.96       114
   macro avg       0.96      0.95      0.95       114
weighted avg       0.96      0.96      0.96       114

2020-08-10 11:46:12,125 - data_processing_functions - INFO - [[66  0]
 [ 5 43]]
2020-08-10 11:46:13,322 - data_processing_functions - INFO -               precision    recall  f1-score   support

           0       0.96      0.98      0.97        66
           1       0.98      0.94      0.96        48

    accuracy                           0.96       114
   macro avg       0.97      0.96      0.96       114
weighted avg       0.97      0.96      0.96       114

2020-08-10 11:46:13,363 - data_processing_functions - INFO - [[65  1]
 [ 3 45]]
2020-08-10 11:46:13,486 - data_processing_functions - INFO -               precision    recall  f1-score   support

           0       0.90      1.00      0.95        66
           1       1.00      0.85      0.92        48

    accuracy                           0.94       114
   macro avg       0.95      0.93      0.94       114
weighted avg       0.94      0.94      0.94       114

2020-08-10 11:46:13,491 - data_processing_functions - INFO - [[66  0]
 [ 7 41]]
2020-08-10 11:46:13,554 - data_processing_functions - INFO -               precision    recall  f1-score   support

           0       0.92      1.00      0.96        66
           1       1.00      0.88      0.93        48

    accuracy                           0.95       114
   macro avg       0.96      0.94      0.94       114
weighted avg       0.95      0.95      0.95       114

2020-08-10 11:46:13,557 - data_processing_functions - INFO - [[66  0]
 [ 6 42]]
2020-08-10 11:46:13,561 - data_processing_functions - INFO - Model Accuray
2020-08-10 11:46:13,562 - data_processing_functions - INFO - {'lr': 95.61, 'rfc': 96.49, 'svc': 93.86, 'knn': 94.74}
2020-08-10 11:46:13,612 - data_processing_functions - INFO - rfc_breast_cancer_model_96.49.pkl
2020-08-10 11:46:13,654 - data_processing_functions - INFO - ==========================Training  Completed==========================
